Logfile initialized
[INFO] logfile = /Users/fuerst/Documents/Titanium Studio Workspace/StuReSy/build.log
[DEBUG] /Users/fuerst/Library/Application Support/Titanium/mobilesdk/osx/3.0.0.GA/android/builder.py install StuReSy /Applications /Users/fuerst/Documents/Titanium Studio Workspace/StuReSy de.appwerft.sturesy 11  
[INFO] Titanium SDK version: 3.0.0 (12/12/12 18:49 a5894b3)
[DEBUG] Waiting for device to be ready ...
[TRACE] adb devices returned 1 devices/emulators
[DEBUG] Device connected... (waited 0 seconds)
[DEBUG] waited 0.021091 seconds on emulator to get ready
[DEBUG] de.appwerft.sturesy installed? False
[INFO] Copying CommonJS modules...
[INFO] Copying project resources..
[INFO] Detected change in tiapp.xml, or assets deleted. Forcing full re-build...
[TRACE] COPYING CREATED FILE: /Users/fuerst/Documents/Titanium Studio Workspace/StuReSy/Resources/android/appicon.png => /Users/fuerst/Documents/Titanium Studio Workspace/StuReSy/build/android/bin/assets/Resources/appicon.png
[TRACE] COPYING CREATED FILE: /Users/fuerst/Documents/Titanium Studio Workspace/StuReSy/Resources/android/Default.png => /Users/fuerst/Documents/Titanium Studio Workspace/StuReSy/build/android/bin/assets/Resources/Default.png
[TRACE] COPYING CREATED FILE: /Users/fuerst/Documents/Titanium Studio Workspace/StuReSy/Resources/app.js => /Users/fuerst/Documents/Titanium Studio Workspace/StuReSy/build/android/bin/assets/Resources/app.js
[TRACE] COPYING CREATED FILE: /Users/fuerst/Documents/Titanium Studio Workspace/StuReSy/Resources/assets/icon.png => /Users/fuerst/Documents/Titanium Studio Workspace/StuReSy/build/android/bin/assets/Resources/assets/icon.png
[TRACE] COPYING CREATED FILE: /Users/fuerst/Documents/Titanium Studio Workspace/StuReSy/Resources/assets/icon@2x.png => /Users/fuerst/Documents/Titanium Studio Workspace/StuReSy/build/android/bin/assets/Resources/assets/icon@2x.png
[TRACE] COPYING CREATED FILE: /Users/fuerst/Documents/Titanium Studio Workspace/StuReSy/Resources/assets/ok.png => /Users/fuerst/Documents/Titanium Studio Workspace/StuReSy/build/android/bin/assets/Resources/assets/ok.png
[TRACE] COPYING CREATED FILE: /Users/fuerst/Documents/Titanium Studio Workspace/StuReSy/Resources/assets/ok@2x.png => /Users/fuerst/Documents/Titanium Studio Workspace/StuReSy/build/android/bin/assets/Resources/assets/ok@2x.png
[TRACE] COPYING CREATED FILE: /Users/fuerst/Documents/Titanium Studio Workspace/StuReSy/Resources/assets/scrollview.png => /Users/fuerst/Documents/Titanium Studio Workspace/StuReSy/build/android/bin/assets/Resources/assets/scrollview.png
[TRACE] COPYING CREATED FILE: /Users/fuerst/Documents/Titanium Studio Workspace/StuReSy/Resources/KS_nav_ui.png => /Users/fuerst/Documents/Titanium Studio Workspace/StuReSy/build/android/bin/assets/Resources/KS_nav_ui.png
[TRACE] COPYING CREATED FILE: /Users/fuerst/Documents/Titanium Studio Workspace/StuReSy/Resources/KS_nav_views.png => /Users/fuerst/Documents/Titanium Studio Workspace/StuReSy/build/android/bin/assets/Resources/KS_nav_views.png
[TRACE] COPYING CREATED FILE: /Users/fuerst/Documents/Titanium Studio Workspace/StuReSy/Resources/lectures/spontaneous.xml => /Users/fuerst/Documents/Titanium Studio Workspace/StuReSy/build/android/bin/assets/Resources/lectures/spontaneous.xml
[TRACE] COPYING CREATED FILE: /Users/fuerst/Documents/Titanium Studio Workspace/StuReSy/Resources/model/template.json => /Users/fuerst/Documents/Titanium Studio Workspace/StuReSy/build/android/bin/assets/Resources/model/template.json
[TRACE] COPYING CREATED FILE: /Users/fuerst/Documents/Titanium Studio Workspace/StuReSy/Resources/modules/answerrow.js => /Users/fuerst/Documents/Titanium Studio Workspace/StuReSy/build/android/bin/assets/Resources/modules/answerrow.js
[TRACE] COPYING CREATED FILE: /Users/fuerst/Documents/Titanium Studio Workspace/StuReSy/Resources/modules/intro.js => /Users/fuerst/Documents/Titanium Studio Workspace/StuReSy/build/android/bin/assets/Resources/modules/intro.js
[TRACE] COPYING CREATED FILE: /Users/fuerst/Documents/Titanium Studio Workspace/StuReSy/Resources/modules/questions.js => /Users/fuerst/Documents/Titanium Studio Workspace/StuReSy/build/android/bin/assets/Resources/modules/questions.js
[TRACE] COPYING CREATED FILE: /Users/fuerst/Documents/Titanium Studio Workspace/StuReSy/Resources/modules/sturesy.js => /Users/fuerst/Documents/Titanium Studio Workspace/StuReSy/build/android/bin/assets/Resources/modules/sturesy.js
[TRACE] Generating Java Classes
[DEBUG] Processing Android resource drawables
[INFO] Copying platform-specific files for 'barcode' module
[DEBUG] app stylesheet => /Users/fuerst/Documents/Titanium Studio Workspace/StuReSy/build/android/gen/de/appwerft/sturesy/ApplicationStylesheet.java
[DEBUG] copying app icon: /Users/fuerst/Documents/Titanium Studio Workspace/StuReSy/build/android/bin/assets/Resources/appicon.png
[DEBUG] generating theme.xml
[DEBUG] found drawable-long-land-hdpi splash screen at /Users/fuerst/Documents/Titanium Studio Workspace/StuReSy/Resources/android/images/res-long-land-hdpi/default.png
[DEBUG] copying /Users/fuerst/Documents/Titanium Studio Workspace/StuReSy/Resources/android/images/res-long-land-hdpi/default.png splash screen to /Users/fuerst/Documents/Titanium Studio Workspace/StuReSy/build/android/res/drawable-long-land-hdpi/background.png
[DEBUG] found drawable-long-land-ldpi splash screen at /Users/fuerst/Documents/Titanium Studio Workspace/StuReSy/Resources/android/images/res-long-land-ldpi/default.png
[DEBUG] copying /Users/fuerst/Documents/Titanium Studio Workspace/StuReSy/Resources/android/images/res-long-land-ldpi/default.png splash screen to /Users/fuerst/Documents/Titanium Studio Workspace/StuReSy/build/android/res/drawable-long-land-ldpi/background.png
[DEBUG] found drawable-long-port-hdpi splash screen at /Users/fuerst/Documents/Titanium Studio Workspace/StuReSy/Resources/android/images/res-long-port-hdpi/default.png
[DEBUG] copying /Users/fuerst/Documents/Titanium Studio Workspace/StuReSy/Resources/android/images/res-long-port-hdpi/default.png splash screen to /Users/fuerst/Documents/Titanium Studio Workspace/StuReSy/build/android/res/drawable-long-port-hdpi/background.png
[DEBUG] found drawable-long-port-ldpi splash screen at /Users/fuerst/Documents/Titanium Studio Workspace/StuReSy/Resources/android/images/res-long-port-ldpi/default.png
[DEBUG] copying /Users/fuerst/Documents/Titanium Studio Workspace/StuReSy/Resources/android/images/res-long-port-ldpi/default.png splash screen to /Users/fuerst/Documents/Titanium Studio Workspace/StuReSy/build/android/res/drawable-long-port-ldpi/background.png
[DEBUG] found drawable-notlong-land-hdpi splash screen at /Users/fuerst/Documents/Titanium Studio Workspace/StuReSy/Resources/android/images/res-notlong-land-hdpi/default.png
[DEBUG] copying /Users/fuerst/Documents/Titanium Studio Workspace/StuReSy/Resources/android/images/res-notlong-land-hdpi/default.png splash screen to /Users/fuerst/Documents/Titanium Studio Workspace/StuReSy/build/android/res/drawable-notlong-land-hdpi/background.png
[DEBUG] found drawable-notlong-land-ldpi splash screen at /Users/fuerst/Documents/Titanium Studio Workspace/StuReSy/Resources/android/images/res-notlong-land-ldpi/default.png
[DEBUG] copying /Users/fuerst/Documents/Titanium Studio Workspace/StuReSy/Resources/android/images/res-notlong-land-ldpi/default.png splash screen to /Users/fuerst/Documents/Titanium Studio Workspace/StuReSy/build/android/res/drawable-notlong-land-ldpi/background.png
[DEBUG] found drawable-notlong-land-mdpi splash screen at /Users/fuerst/Documents/Titanium Studio Workspace/StuReSy/Resources/android/images/res-notlong-land-mdpi/default.png
[DEBUG] copying /Users/fuerst/Documents/Titanium Studio Workspace/StuReSy/Resources/android/images/res-notlong-land-mdpi/default.png splash screen to /Users/fuerst/Documents/Titanium Studio Workspace/StuReSy/build/android/res/drawable-notlong-land-mdpi/background.png
[DEBUG] found drawable-notlong-port-hdpi splash screen at /Users/fuerst/Documents/Titanium Studio Workspace/StuReSy/Resources/android/images/res-notlong-port-hdpi/default.png
[DEBUG] copying /Users/fuerst/Documents/Titanium Studio Workspace/StuReSy/Resources/android/images/res-notlong-port-hdpi/default.png splash screen to /Users/fuerst/Documents/Titanium Studio Workspace/StuReSy/build/android/res/drawable-notlong-port-hdpi/background.png
[DEBUG] found drawable-notlong-port-ldpi splash screen at /Users/fuerst/Documents/Titanium Studio Workspace/StuReSy/Resources/android/images/res-notlong-port-ldpi/default.png
[DEBUG] copying /Users/fuerst/Documents/Titanium Studio Workspace/StuReSy/Resources/android/images/res-notlong-port-ldpi/default.png splash screen to /Users/fuerst/Documents/Titanium Studio Workspace/StuReSy/build/android/res/drawable-notlong-port-ldpi/background.png
[DEBUG] found drawable-notlong-port-mdpi splash screen at /Users/fuerst/Documents/Titanium Studio Workspace/StuReSy/Resources/android/images/res-notlong-port-mdpi/default.png
[DEBUG] copying /Users/fuerst/Documents/Titanium Studio Workspace/StuReSy/Resources/android/images/res-notlong-port-mdpi/default.png splash screen to /Users/fuerst/Documents/Titanium Studio Workspace/StuReSy/build/android/res/drawable-notlong-port-mdpi/background.png
[DEBUG] found splash screen at /Users/fuerst/Documents/Titanium Studio Workspace/StuReSy/build/android/bin/assets/Resources/default.png
[TRACE] Writing out AndroidManifest.xml
[DEBUG] adding /Users/fuerst/Documents/Titanium Studio Workspace/StuReSy/build/android/gen/de/appwerft/sturesy/ApplicationStylesheet.java to javac build list
[DEBUG] adding /Users/fuerst/Documents/Titanium Studio Workspace/StuReSy/build/android/gen/de/appwerft/sturesy/R.java to javac build list
[DEBUG] adding /Users/fuerst/Documents/Titanium Studio Workspace/StuReSy/build/android/gen/de/appwerft/sturesy/SturesyActivity.java to javac build list
[DEBUG] adding /Users/fuerst/Documents/Titanium Studio Workspace/StuReSy/build/android/gen/de/appwerft/sturesy/SturesyAppInfo.java to javac build list
[DEBUG] adding /Users/fuerst/Documents/Titanium Studio Workspace/StuReSy/build/android/gen/de/appwerft/sturesy/SturesyApplication.java to javac build list
[DEBUG] Building Java Sources: "/Users/fuerst/Documents/Titanium Studio Workspace/StuReSy/build/android/gen/de/appwerft/sturesy/ApplicationStylesheet.java" "/Users/fuerst/Documents/Titanium Studio Workspace/StuReSy/build/android/gen/de/appwerft/sturesy/R.java" "/Users/fuerst/Documents/Titanium Studio Workspace/StuReSy/build/android/gen/de/appwerft/sturesy/SturesyActivity.java" "/Users/fuerst/Documents/Titanium Studio Workspace/StuReSy/build/android/gen/de/appwerft/sturesy/SturesyAppInfo.java" "/Users/fuerst/Documents/Titanium Studio Workspace/StuReSy/build/android/gen/de/appwerft/sturesy/SturesyApplication.java"
[INFO] Compiling Android Resources... This could take some time
[DEBUG] Android classes.dex built
[DEBUG] creating unsigned apk: /Users/fuerst/Documents/Titanium Studio Workspace/StuReSy/build/android/bin/app-unsigned.apk
[DEBUG] from resource zip => assets/Resources/assets/icon.png
[DEBUG] from resource zip => assets/Resources/assets/icon@2x.png
[DEBUG] from resource zip => assets/Resources/assets/ok.png
[DEBUG] from resource zip => assets/Resources/assets/ok@2x.png
[DEBUG] from resource zip => assets/Resources/assets/scrollview.png
[DEBUG] from resource zip => assets/Resources/lectures/spontaneous.xml
[DEBUG] from resource zip => assets/Resources/model/template.json
[DEBUG] from resource zip => assets/Resources/modules/answerrow.js
[DEBUG] from resource zip => assets/Resources/modules/intro.js
[DEBUG] from resource zip => assets/Resources/modules/questions.js
[DEBUG] from resource zip => assets/Resources/modules/sturesy.js
[DEBUG] from resource zip => assets/Resources/Default.png
[DEBUG] from resource zip => assets/Resources/KS_nav_ui.png
[DEBUG] from resource zip => assets/Resources/KS_nav_views.png
[DEBUG] from resource zip => assets/Resources/app.js
[DEBUG] from resource zip => assets/Resources/appicon.png
[DEBUG] from resource zip => assets/Resources/ti.cloud.js
[DEBUG] from resource zip => assets/app.json
[DEBUG] from resource zip => assets/index.json
[DEBUG] from resource zip => assets/tiapp.xml
[DEBUG] from resource zip => res/drawable/appicon.png
[DEBUG] from resource zip => res/drawable/background.png
[DEBUG] from resource zip => res/drawable/launcher_icon.png
[DEBUG] from resource zip => res/drawable/share_via_barcode.png
[DEBUG] from resource zip => res/drawable/shopper_icon.png
[DEBUG] from resource zip => res/layout/bookmark_picker_list_item.xml
[DEBUG] from resource zip => res/layout/capture.xml
[DEBUG] from resource zip => res/layout/encode.xml
[DEBUG] from resource zip => res/layout/help.xml
[DEBUG] from resource zip => res/layout/history_list_item.xml
[DEBUG] from resource zip => res/layout/search_book_contents.xml
[DEBUG] from resource zip => res/layout/search_book_contents_header.xml
[DEBUG] from resource zip => res/layout/search_book_contents_list_item.xml
[DEBUG] from resource zip => res/layout/share.xml
[DEBUG] from resource zip => res/layout/titanium_tabgroup.xml
[DEBUG] from resource zip => res/raw/beep.ogg
[DEBUG] from resource zip => res/xml/preferences.xml
[DEBUG] from resource zip => AndroidManifest.xml
[DEBUG] from resource zip => resources.arsc
[DEBUG] from resource zip => res/drawable-hdpi/launcher_icon.png
[DEBUG] from resource zip => res/drawable-hdpi/shopper_icon.png
[DEBUG] from resource zip => res/layout-ldpi/capture.xml
[DEBUG] from resource zip => res/layout-land/encode.xml
[DEBUG] from resource zip => res/layout-land/share.xml
[DEBUG] from resource zip => res/drawable-long-land-hdpi/background.png
[DEBUG] from resource zip => res/drawable-long-land-ldpi/background.png
[DEBUG] from resource zip => res/drawable-long-port-hdpi/background.png
[DEBUG] from resource zip => res/drawable-long-port-ldpi/background.png
[DEBUG] from resource zip => res/drawable-notlong-land-hdpi/background.png
[DEBUG] from resource zip => res/drawable-notlong-land-ldpi/background.png
[DEBUG] from resource zip => res/drawable-notlong-land-mdpi/background.png
[DEBUG] from resource zip => res/drawable-notlong-port-hdpi/background.png
[DEBUG] from resource zip => res/drawable-notlong-port-ldpi/background.png
[DEBUG] from resource zip => res/drawable-notlong-port-mdpi/background.png
[DEBUG] from JAR /Users/fuerst/Library/Application Support/Titanium/modules/android/ti.barcode/2.3.0/barcode.jar => assets/html-en/about1d.html
[DEBUG] from JAR /Users/fuerst/Library/Application Support/Titanium/modules/android/ti.barcode/2.3.0/barcode.jar => assets/html-en/about2d.html
[DEBUG] from JAR /Users/fuerst/Library/Application Support/Titanium/modules/android/ti.barcode/2.3.0/barcode.jar => assets/html-en/index.html
[DEBUG] from JAR /Users/fuerst/Library/Application Support/Titanium/modules/android/ti.barcode/2.3.0/barcode.jar => assets/html-en/scanning.html
[DEBUG] from JAR /Users/fuerst/Library/Application Support/Titanium/modules/android/ti.barcode/2.3.0/barcode.jar => assets/html-en/sharing.html
[DEBUG] from JAR /Users/fuerst/Library/Application Support/Titanium/modules/android/ti.barcode/2.3.0/barcode.jar => assets/html-en/whatsnew.html
[DEBUG] from JAR /Users/fuerst/Library/Application Support/Titanium/modules/android/ti.barcode/2.3.0/barcode.jar => assets/images/big-1d.png
[DEBUG] from JAR /Users/fuerst/Library/Application Support/Titanium/modules/android/ti.barcode/2.3.0/barcode.jar => assets/images/big-datamatrix.png
[DEBUG] from JAR /Users/fuerst/Library/Application Support/Titanium/modules/android/ti.barcode/2.3.0/barcode.jar => assets/images/big-qr.png
[DEBUG] from JAR /Users/fuerst/Library/Application Support/Titanium/modules/android/ti.barcode/2.3.0/barcode.jar => assets/images/contact-results-screen.jpg
[DEBUG] from JAR /Users/fuerst/Library/Application Support/Titanium/modules/android/ti.barcode/2.3.0/barcode.jar => assets/images/demo-no.png
[DEBUG] from JAR /Users/fuerst/Library/Application Support/Titanium/modules/android/ti.barcode/2.3.0/barcode.jar => assets/images/demo-yes.png
[DEBUG] from JAR /Users/fuerst/Library/Application Support/Titanium/modules/android/ti.barcode/2.3.0/barcode.jar => assets/images/scan-example.png
[DEBUG] from JAR /Users/fuerst/Library/Application Support/Titanium/modules/android/ti.barcode/2.3.0/barcode.jar => assets/images/scan-from-phone.png
[DEBUG] from JAR /Users/fuerst/Library/Application Support/Titanium/modules/android/ti.barcode/2.3.0/barcode.jar => assets/images/search-book-contents.jpg
[DEBUG] from JAR /Users/fuerst/Library/Application Support/Titanium/mobilesdk/osx/3.0.0.GA/android/modules/titanium-ui.jar => ti/modules/titanium/ui/widget/webview/binding.js
[DEBUG] from JAR /Users/fuerst/Library/Application Support/Titanium/mobilesdk/osx/3.0.0.GA/android/modules/titanium-ui.jar => ti/modules/titanium/ui/widget/webview/binding.min.js
[DEBUG] from JAR /Users/fuerst/Library/Application Support/Titanium/mobilesdk/osx/3.0.0.GA/android/modules/titanium-ui.jar => ti/modules/titanium/ui/widget/webview/json2.js
[DEBUG] from JAR /Users/fuerst/Library/Application Support/Titanium/mobilesdk/osx/3.0.0.GA/android/modules/titanium-ui.jar => ti/modules/titanium/ui/widget/webview/polling.js
[DEBUG] from JAR /Users/fuerst/Library/Application Support/Titanium/mobilesdk/osx/3.0.0.GA/android/modules/titanium-ui.jar => ti/modules/titanium/ui/widget/webview/polling.min.js
[DEBUG] from JAR /Users/fuerst/Library/Application Support/Titanium/mobilesdk/osx/3.0.0.GA/android/thirdparty.jar => org/apache/Commons-NOTICE.txt
[DEBUG] from JAR /Users/fuerst/Library/Application Support/Titanium/mobilesdk/osx/3.0.0.GA/android/thirdparty.jar => org/apache/HttpComponents-NOTICE.txt
[DEBUG] from JAR /Users/fuerst/Library/Application Support/Titanium/mobilesdk/osx/3.0.0.GA/android/thirdparty.jar => org/apache/mime4j-NOTICE.txt
[DEBUG] from JAR /Users/fuerst/Library/Application Support/Titanium/mobilesdk/osx/3.0.0.GA/android/titanium.jar => org/appcelerator/titanium/build.properties
[DEBUG] from JAR /Users/fuerst/Library/Application Support/Titanium/mobilesdk/osx/3.0.0.GA/android/titanium.jar => org/appcelerator/titanium/res/drawable/background.png
[DEBUG] from JAR /Users/fuerst/Library/Application Support/Titanium/mobilesdk/osx/3.0.0.GA/android/titanium.jar => org/appcelerator/titanium/res/drawable/btn_check_buttonless_on.png
[DEBUG] from JAR /Users/fuerst/Library/Application Support/Titanium/mobilesdk/osx/3.0.0.GA/android/titanium.jar => org/appcelerator/titanium/res/drawable/btn_check_buttonless_on_18.png
[DEBUG] from JAR /Users/fuerst/Library/Application Support/Titanium/mobilesdk/osx/3.0.0.GA/android/titanium.jar => org/appcelerator/titanium/res/drawable/btn_check_buttonless_on_48.png
[DEBUG] from JAR /Users/fuerst/Library/Application Support/Titanium/mobilesdk/osx/3.0.0.GA/android/titanium.jar => org/appcelerator/titanium/res/drawable/btn_check_buttonless_on_64.png
[DEBUG] from JAR /Users/fuerst/Library/Application Support/Titanium/mobilesdk/osx/3.0.0.GA/android/titanium.jar => org/appcelerator/titanium/res/drawable/btn_more.png
[DEBUG] from JAR /Users/fuerst/Library/Application Support/Titanium/mobilesdk/osx/3.0.0.GA/android/titanium.jar => org/appcelerator/titanium/res/drawable/btn_more_18.png
[DEBUG] from JAR /Users/fuerst/Library/Application Support/Titanium/mobilesdk/osx/3.0.0.GA/android/titanium.jar => org/appcelerator/titanium/res/drawable/btn_more_48.png
[DEBUG] from JAR /Users/fuerst/Library/Application Support/Titanium/mobilesdk/osx/3.0.0.GA/android/titanium.jar => org/appcelerator/titanium/res/drawable/btn_more_64.png
[DEBUG] from JAR /Users/fuerst/Library/Application Support/Titanium/mobilesdk/osx/3.0.0.GA/android/titanium.jar => org/appcelerator/titanium/res/drawable/btn_picker_normal.9.png
[DEBUG] from JAR /Users/fuerst/Library/Application Support/Titanium/mobilesdk/osx/3.0.0.GA/android/titanium.jar => org/appcelerator/titanium/res/drawable/btn_picker_pressed.9.png
[DEBUG] from JAR /Users/fuerst/Library/Application Support/Titanium/mobilesdk/osx/3.0.0.GA/android/titanium.jar => org/appcelerator/titanium/res/drawable/btn_picker_selected.9.png
[DEBUG] from JAR /Users/fuerst/Library/Application Support/Titanium/mobilesdk/osx/3.0.0.GA/android/titanium.jar => org/appcelerator/titanium/res/drawable/default_icon.png
[DEBUG] from JAR /Users/fuerst/Library/Application Support/Titanium/mobilesdk/osx/3.0.0.GA/android/titanium.jar => org/appcelerator/titanium/res/drawable/photoDefault.png
[DEBUG] installing native lib: /Users/fuerst/Library/Application Support/Titanium/modules/android/ti.barcode/2.3.0/libs/armeabi/libti.barcode.so
[DEBUG] installing native lib: /Users/fuerst/Library/Application Support/Titanium/modules/android/ti.barcode/2.3.0/libs/armeabi-v7a/libti.barcode.so
[DEBUG] installing native SDK libs
[DEBUG] Waiting for device to be ready ...
[TRACE] adb devices returned 1 devices/emulators
[DEBUG] Device connected... (waited 0 seconds)
[DEBUG] waited 0.019950 seconds on emulator to get ready
[INFO] Installing application on device
[INFO] Application installed. Launch from drawer on Home Screen
